This is pdfTeX, Version 3.1415926-2.5-1.40.14 (TeX Live 2013/Debian) (format=pdflatex 2014.10.11)  27 OCT 2014 23:08
entering extended mode
 restricted \write18 enabled.
 %&-line parsing enabled.
**Assignment2.tex
(./Assignment2.tex
LaTeX2e <2011/06/27>
Babel <3.9h> and hyphenation patterns for 4 languages loaded.
(/usr/share/texlive/texmf-dist/tex/latex/base/article.cls
Document Class: article 2007/10/19 v1.4h Standard LaTeX document class
(/usr/share/texlive/texmf-dist/tex/latex/base/size12.clo
File: size12.clo 2007/10/19 v1.4h Standard LaTeX file (size option)
)
\c@part=\count79
\c@section=\count80
\c@subsection=\count81
\c@subsubsection=\count82
\c@paragraph=\count83
\c@subparagraph=\count84
\c@figure=\count85
\c@table=\count86
\abovecaptionskip=\skip41
\belowcaptionskip=\skip42
\bibindent=\dimen102
)
(/usr/share/texlive/texmf-dist/tex/latex/graphics/graphicx.sty
Package: graphicx 1999/02/16 v1.0f Enhanced LaTeX Graphics (DPC,SPQR)

(/usr/share/texlive/texmf-dist/tex/latex/graphics/keyval.sty
Package: keyval 1999/03/16 v1.13 key=value parser (DPC)
\KV@toks@=\toks14
)
(/usr/share/texlive/texmf-dist/tex/latex/graphics/graphics.sty
Package: graphics 2009/02/05 v1.0o Standard LaTeX Graphics (DPC,SPQR)

(/usr/share/texlive/texmf-dist/tex/latex/graphics/trig.sty
Package: trig 1999/03/16 v1.09 sin cos tan (DPC)
)
(/usr/share/texlive/texmf-dist/tex/latex/latexconfig/graphics.cfg
File: graphics.cfg 2010/04/23 v1.9 graphics configuration of TeX Live
)
Package graphics Info: Driver file: pdftex.def on input line 91.

(/usr/share/texlive/texmf-dist/tex/latex/pdftex-def/pdftex.def
File: pdftex.def 2011/05/27 v0.06d Graphics/color for pdfTeX

(/usr/share/texlive/texmf-dist/tex/generic/oberdiek/infwarerr.sty
Package: infwarerr 2010/04/08 v1.3 Providing info/warning/error messages (HO)
)
(/usr/share/texlive/texmf-dist/tex/generic/oberdiek/ltxcmds.sty
Package: ltxcmds 2011/11/09 v1.22 LaTeX kernel commands for general use (HO)
)
\Gread@gobject=\count87
))
\Gin@req@height=\dimen103
\Gin@req@width=\dimen104
)
(/usr/share/texlive/texmf-dist/tex/latex/amsmath/amsmath.sty
Package: amsmath 2013/01/14 v2.14 AMS math features
\@mathmargin=\skip43

For additional information on amsmath, use the `?' option.
(/usr/share/texlive/texmf-dist/tex/latex/amsmath/amstext.sty
Package: amstext 2000/06/29 v2.01

(/usr/share/texlive/texmf-dist/tex/latex/amsmath/amsgen.sty
File: amsgen.sty 1999/11/30 v2.0
\@emptytoks=\toks15
\ex@=\dimen105
))
(/usr/share/texlive/texmf-dist/tex/latex/amsmath/amsbsy.sty
Package: amsbsy 1999/11/29 v1.2d
\pmbraise@=\dimen106
)
(/usr/share/texlive/texmf-dist/tex/latex/amsmath/amsopn.sty
Package: amsopn 1999/12/14 v2.01 operator names
)
\inf@bad=\count88
LaTeX Info: Redefining \frac on input line 210.
\uproot@=\count89
\leftroot@=\count90
LaTeX Info: Redefining \overline on input line 306.
\classnum@=\count91
\DOTSCASE@=\count92
LaTeX Info: Redefining \ldots on input line 378.
LaTeX Info: Redefining \dots on input line 381.
LaTeX Info: Redefining \cdots on input line 466.
\Mathstrutbox@=\box26
\strutbox@=\box27
\big@size=\dimen107
LaTeX Font Info:    Redeclaring font encoding OML on input line 566.
LaTeX Font Info:    Redeclaring font encoding OMS on input line 567.
\macc@depth=\count93
\c@MaxMatrixCols=\count94
\dotsspace@=\muskip10
\c@parentequation=\count95
\dspbrk@lvl=\count96
\tag@help=\toks16
\row@=\count97
\column@=\count98
\maxfields@=\count99
\andhelp@=\toks17
\eqnshift@=\dimen108
\alignsep@=\dimen109
\tagshift@=\dimen110
\tagwidth@=\dimen111
\totwidth@=\dimen112
\lineht@=\dimen113
\@envbody=\toks18
\multlinegap=\skip44
\multlinetaggap=\skip45
\mathdisplay@stack=\toks19
LaTeX Info: Redefining \[ on input line 2665.
LaTeX Info: Redefining \] on input line 2666.
)
(/usr/share/texlive/texmf-dist/tex/latex/float/float.sty
Package: float 2001/11/08 v1.3d Float enhancements (AL)
\c@float@type=\count100
\float@exts=\toks20
\float@box=\box28
\@float@everytoks=\toks21
\@floatcapt=\box29
) (./mcode.sty
-- Package: `mcode' 2.5 <2014/03/06> --
Package: mcode 2014/03/06 2.5
 - settings optimized for display (colour formating)
(/usr/share/texmf/tex/latex/xcolor/xcolor.sty
Package: xcolor 2007/01/21 v2.11 LaTeX color extensions (UK)

(/usr/share/texlive/texmf-dist/tex/latex/latexconfig/color.cfg
File: color.cfg 2007/01/18 v1.5 color configuration of teTeX/TeXLive
)
Package xcolor Info: Driver file: pdftex.def on input line 225.
Package xcolor Info: Model `cmy' substituted by `cmy0' on input line 1337.
Package xcolor Info: Model `hsb' substituted by `rgb' on input line 1341.
Package xcolor Info: Model `RGB' extended on input line 1353.
Package xcolor Info: Model `HTML' substituted by `rgb' on input line 1355.
Package xcolor Info: Model `Hsb' substituted by `hsb' on input line 1356.
Package xcolor Info: Model `tHsb' substituted by `hsb' on input line 1357.
Package xcolor Info: Model `HSB' substituted by `hsb' on input line 1358.
Package xcolor Info: Model `Gray' substituted by `gray' on input line 1359.
Package xcolor Info: Model `wave' substituted by `hsb' on input line 1360.
)
(/usr/share/texlive/texmf-dist/tex/latex/listings/listings.sty
\lst@mode=\count101
\lst@gtempboxa=\box30
\lst@token=\toks22
\lst@length=\count102
\lst@currlwidth=\dimen114
\lst@column=\count103
\lst@pos=\count104
\lst@lostspace=\dimen115
\lst@width=\dimen116
\lst@newlines=\count105
\lst@lineno=\count106
\lst@maxwidth=\dimen117

(/usr/share/texlive/texmf-dist/tex/latex/listings/lstmisc.sty
File: lstmisc.sty 2013/08/26 1.5b (Carsten Heinz)
\c@lstnumber=\count107
\lst@skipnumbers=\count108
\lst@framebox=\box31
)
(/usr/share/texlive/texmf-dist/tex/latex/listings/listings.cfg
File: listings.cfg 2013/08/26 1.5b listings configuration
))
Package: listings 2013/08/26 1.5b (Carsten Heinz)

(/usr/share/texlive/texmf-dist/tex/latex/base/textcomp.sty
Package: textcomp 2005/09/27 v1.99g Standard LaTeX package
Package textcomp Info: Sub-encoding information:
(textcomp)               5 = only ISO-Adobe without \textcurrency
(textcomp)               4 = 5 + \texteuro
(textcomp)               3 = 4 + \textohm
(textcomp)               2 = 3 + \textestimated + \textcurrency
(textcomp)               1 = TS1 - \textcircled - \t
(textcomp)               0 = TS1 (full)
(textcomp)             Font families with sub-encoding setting implement
(textcomp)             only a restricted character set as indicated.
(textcomp)             Family '?' is the default used for unknown fonts.
(textcomp)             See the documentation for details.
Package textcomp Info: Setting ? sub-encoding to TS1/1 on input line 71.

(/usr/share/texlive/texmf-dist/tex/latex/base/ts1enc.def
File: ts1enc.def 2001/06/05 v3.0e (jk/car/fm) Standard LaTeX file
)
LaTeX Info: Redefining \oldstylenums on input line 266.
Package textcomp Info: Setting cmr sub-encoding to TS1/0 on input line 281.
Package textcomp Info: Setting cmss sub-encoding to TS1/0 on input line 282.
Package textcomp Info: Setting cmtt sub-encoding to TS1/0 on input line 283.
Package textcomp Info: Setting cmvtt sub-encoding to TS1/0 on input line 284.
Package textcomp Info: Setting cmbr sub-encoding to TS1/0 on input line 285.
Package textcomp Info: Setting cmtl sub-encoding to TS1/0 on input line 286.
Package textcomp Info: Setting ccr sub-encoding to TS1/0 on input line 287.
Package textcomp Info: Setting ptm sub-encoding to TS1/4 on input line 288.
Package textcomp Info: Setting pcr sub-encoding to TS1/4 on input line 289.
Package textcomp Info: Setting phv sub-encoding to TS1/4 on input line 290.
Package textcomp Info: Setting ppl sub-encoding to TS1/3 on input line 291.
Package textcomp Info: Setting pag sub-encoding to TS1/4 on input line 292.
Package textcomp Info: Setting pbk sub-encoding to TS1/4 on input line 293.
Package textcomp Info: Setting pnc sub-encoding to TS1/4 on input line 294.
Package textcomp Info: Setting pzc sub-encoding to TS1/4 on input line 295.
Package textcomp Info: Setting bch sub-encoding to TS1/4 on input line 296.
Package textcomp Info: Setting put sub-encoding to TS1/5 on input line 297.
Package textcomp Info: Setting uag sub-encoding to TS1/5 on input line 298.
Package textcomp Info: Setting ugq sub-encoding to TS1/5 on input line 299.
Package textcomp Info: Setting ul8 sub-encoding to TS1/4 on input line 300.
Package textcomp Info: Setting ul9 sub-encoding to TS1/4 on input line 301.
Package textcomp Info: Setting augie sub-encoding to TS1/5 on input line 302.
Package textcomp Info: Setting dayrom sub-encoding to TS1/3 on input line 303.
Package textcomp Info: Setting dayroms sub-encoding to TS1/3 on input line 304.

Package textcomp Info: Setting pxr sub-encoding to TS1/0 on input line 305.
Package textcomp Info: Setting pxss sub-encoding to TS1/0 on input line 306.
Package textcomp Info: Setting pxtt sub-encoding to TS1/0 on input line 307.
Package textcomp Info: Setting txr sub-encoding to TS1/0 on input line 308.
Package textcomp Info: Setting txss sub-encoding to TS1/0 on input line 309.
Package textcomp Info: Setting txtt sub-encoding to TS1/0 on input line 310.
Package textcomp Info: Setting lmr sub-encoding to TS1/0 on input line 311.
Package textcomp Info: Setting lmdh sub-encoding to TS1/0 on input line 312.
Package textcomp Info: Setting lmss sub-encoding to TS1/0 on input line 313.
Package textcomp Info: Setting lmssq sub-encoding to TS1/0 on input line 314.
Package textcomp Info: Setting lmvtt sub-encoding to TS1/0 on input line 315.
Package textcomp Info: Setting qhv sub-encoding to TS1/0 on input line 316.
Package textcomp Info: Setting qag sub-encoding to TS1/0 on input line 317.
Package textcomp Info: Setting qbk sub-encoding to TS1/0 on input line 318.
Package textcomp Info: Setting qcr sub-encoding to TS1/0 on input line 319.
Package textcomp Info: Setting qcs sub-encoding to TS1/0 on input line 320.
Package textcomp Info: Setting qpl sub-encoding to TS1/0 on input line 321.
Package textcomp Info: Setting qtm sub-encoding to TS1/0 on input line 322.
Package textcomp Info: Setting qzc sub-encoding to TS1/0 on input line 323.
Package textcomp Info: Setting qhvc sub-encoding to TS1/0 on input line 324.
Package textcomp Info: Setting futs sub-encoding to TS1/4 on input line 325.
Package textcomp Info: Setting futx sub-encoding to TS1/4 on input line 326.
Package textcomp Info: Setting futj sub-encoding to TS1/4 on input line 327.
Package textcomp Info: Setting hlh sub-encoding to TS1/3 on input line 328.
Package textcomp Info: Setting hls sub-encoding to TS1/3 on input line 329.
Package textcomp Info: Setting hlst sub-encoding to TS1/3 on input line 330.
Package textcomp Info: Setting hlct sub-encoding to TS1/5 on input line 331.
Package textcomp Info: Setting hlx sub-encoding to TS1/5 on input line 332.
Package textcomp Info: Setting hlce sub-encoding to TS1/5 on input line 333.
Package textcomp Info: Setting hlcn sub-encoding to TS1/5 on input line 334.
Package textcomp Info: Setting hlcw sub-encoding to TS1/5 on input line 335.
Package textcomp Info: Setting hlcf sub-encoding to TS1/5 on input line 336.
Package textcomp Info: Setting pplx sub-encoding to TS1/3 on input line 337.
Package textcomp Info: Setting pplj sub-encoding to TS1/3 on input line 338.
Package textcomp Info: Setting ptmx sub-encoding to TS1/4 on input line 339.
Package textcomp Info: Setting ptmj sub-encoding to TS1/4 on input line 340.
))
(/usr/share/texlive/texmf-dist/tex/latex/geometry/geometry.sty
Package: geometry 2010/09/12 v5.6 Page Geometry

(/usr/share/texlive/texmf-dist/tex/generic/oberdiek/ifpdf.sty
Package: ifpdf 2011/01/30 v2.3 Provides the ifpdf switch (HO)
Package ifpdf Info: pdfTeX in PDF mode is detected.
)
(/usr/share/texlive/texmf-dist/tex/generic/oberdiek/ifvtex.sty
Package: ifvtex 2010/03/01 v1.5 Detect VTeX and its facilities (HO)
Package ifvtex Info: VTeX not detected.
)
(/usr/share/texlive/texmf-dist/tex/generic/ifxetex/ifxetex.sty
Package: ifxetex 2010/09/12 v0.6 Provides ifxetex conditional
)
\Gm@cnth=\count109
\Gm@cntv=\count110
\c@Gm@tempcnt=\count111
\Gm@bindingoffset=\dimen118
\Gm@wd@mp=\dimen119
\Gm@odd@mp=\dimen120
\Gm@even@mp=\dimen121
\Gm@layoutwidth=\dimen122
\Gm@layoutheight=\dimen123
\Gm@layouthoffset=\dimen124
\Gm@layoutvoffset=\dimen125
\Gm@dimlist=\toks23
)

Package geometry Warning: Over-specification in `h'-direction.
    `width' (597.50787pt) is ignored.


Package geometry Warning: Over-specification in `v'-direction.
    `height' (845.04684pt) is ignored.

(/usr/share/texlive/texmf-dist/tex/latex/etoolbox/etoolbox.sty
Package: etoolbox 2011/01/03 v2.1 e-TeX tools for LaTeX

(/usr/share/texlive/texmf-dist/tex/latex/etex-pkg/etex.sty
Package: etex 1998/03/26 v2.0 eTeX basic definition package (PEB)
\et@xins=\count112
)
\etb@tempcnta=\count113
)
(/usr/share/texlive/texmf-dist/tex/latex/listings/lstlang1.sty
File: lstlang1.sty 2013/08/26 1.5b listings language file
)
(/usr/share/texlive/texmf-dist/tex/latex/listings/lstlang1.sty
File: lstlang1.sty 2013/08/26 1.5b listings language file
)
(/usr/share/texlive/texmf-dist/tex/latex/listings/lstmisc.sty
File: lstmisc.sty 2013/08/26 1.5b (Carsten Heinz)
)
(./Assignment2.aux)
\openout1 = `Assignment2.aux'.

LaTeX Font Info:    Checking defaults for OML/cmm/m/it on input line 29.
LaTeX Font Info:    ... okay on input line 29.
LaTeX Font Info:    Checking defaults for T1/cmr/m/n on input line 29.
LaTeX Font Info:    ... okay on input line 29.
LaTeX Font Info:    Checking defaults for OT1/cmr/m/n on input line 29.
LaTeX Font Info:    ... okay on input line 29.
LaTeX Font Info:    Checking defaults for OMS/cmsy/m/n on input line 29.
LaTeX Font Info:    ... okay on input line 29.
LaTeX Font Info:    Checking defaults for OMX/cmex/m/n on input line 29.
LaTeX Font Info:    ... okay on input line 29.
LaTeX Font Info:    Checking defaults for U/cmr/m/n on input line 29.
LaTeX Font Info:    ... okay on input line 29.
LaTeX Font Info:    Checking defaults for TS1/cmr/m/n on input line 29.
LaTeX Font Info:    Try loading font information for TS1+cmr on input line 29.
 (/usr/share/texlive/texmf-dist/tex/latex/base/ts1cmr.fd
File: ts1cmr.fd 1999/05/25 v2.5h Standard LaTeX font definitions
)
LaTeX Font Info:    ... okay on input line 29.

(/usr/share/texlive/texmf-dist/tex/context/base/supp-pdf.mkii
[Loading MPS to PDF converter (version 2006.09.02).]
\scratchcounter=\count114
\scratchdimen=\dimen126
\scratchbox=\box32
\nofMPsegments=\count115
\nofMParguments=\count116
\everyMPshowfont=\toks24
\MPscratchCnt=\count117
\MPscratchDim=\dimen127
\MPnumerator=\count118
\makeMPintoPDFobject=\count119
\everyMPtoPDFconversion=\toks25
) (/usr/share/texlive/texmf-dist/tex/generic/oberdiek/pdftexcmds.sty
Package: pdftexcmds 2011/11/29 v0.20 Utility functions of pdfTeX for LuaTeX (HO
)

(/usr/share/texlive/texmf-dist/tex/generic/oberdiek/ifluatex.sty
Package: ifluatex 2010/03/01 v1.3 Provides the ifluatex switch (HO)
Package ifluatex Info: LuaTeX not detected.
)
Package pdftexcmds Info: LuaTeX not detected.
Package pdftexcmds Info: \pdf@primitive is available.
Package pdftexcmds Info: \pdf@ifprimitive is available.
Package pdftexcmds Info: \pdfdraftmode found.
)
(/usr/share/texlive/texmf-dist/tex/latex/oberdiek/epstopdf-base.sty
Package: epstopdf-base 2010/02/09 v2.5 Base part for package epstopdf

(/usr/share/texlive/texmf-dist/tex/latex/oberdiek/grfext.sty
Package: grfext 2010/08/19 v1.1 Manage graphics extensions (HO)

(/usr/share/texlive/texmf-dist/tex/generic/oberdiek/kvdefinekeys.sty
Package: kvdefinekeys 2011/04/07 v1.3 Define keys (HO)
))
(/usr/share/texlive/texmf-dist/tex/latex/oberdiek/kvoptions.sty
Package: kvoptions 2011/06/30 v3.11 Key value format for package options (HO)

(/usr/share/texlive/texmf-dist/tex/generic/oberdiek/kvsetkeys.sty
Package: kvsetkeys 2012/04/25 v1.16 Key value parser (HO)

(/usr/share/texlive/texmf-dist/tex/generic/oberdiek/etexcmds.sty
Package: etexcmds 2011/02/16 v1.5 Avoid name clashes with e-TeX commands (HO)
Package etexcmds Info: Could not find \expanded.
(etexcmds)             That can mean that you are not using pdfTeX 1.50 or
(etexcmds)             that some package has redefined \expanded.
(etexcmds)             In the latter case, load this package earlier.
)))
Package grfext Info: Graphics extension search list:
(grfext)             [.png,.pdf,.jpg,.mps,.jpeg,.jbig2,.jb2,.PNG,.PDF,.JPG,.JPE
G,.JBIG2,.JB2,.eps]
(grfext)             \AppendGraphicsExtensions on input line 452.

(/usr/share/texlive/texmf-dist/tex/latex/latexconfig/epstopdf-sys.cfg
File: epstopdf-sys.cfg 2010/07/13 v1.3 Configuration of (r)epstopdf for TeX Liv
e
))
\c@lstlisting=\count120

*geometry* driver: auto-detecting
*geometry* detected driver: pdftex
*geometry* verbose mode - [ preamble ] result:
* driver: pdftex
* paper: a4paper
* layout: <same size as paper>
* layoutoffset:(h,v)=(0.0pt,0.0pt)
* modes: 
* h-part:(L,W,R)=(56.9055pt, 483.69687pt, 56.9055pt)
* v-part:(T,H,B)=(71.13188pt, 702.78308pt, 71.13188pt)
* \paperwidth=597.50787pt
* \paperheight=845.04684pt
* \textwidth=483.69687pt
* \textheight=702.78308pt
* \oddsidemargin=-15.36449pt
* \evensidemargin=-15.36449pt
* \topmargin=-38.1381pt
* \headheight=12.0pt
* \headsep=25.0pt
* \topskip=12.0pt
* \footskip=30.0pt
* \marginparwidth=44.0pt
* \marginparsep=10.0pt
* \columnsep=10.0pt
* \skip\footins=10.8pt plus 4.0pt minus 2.0pt
* \hoffset=0.0pt
* \voffset=0.0pt
* \mag=1000
* \@twocolumnfalse
* \@twosidefalse
* \@mparswitchfalse
* \@reversemarginfalse
* (1in=72.27pt=25.4mm, 1cm=28.453pt)


Underfull \hbox (badness 10000) in paragraph at lines 41--42

 []


Underfull \hbox (badness 10000) in paragraph at lines 43--44

 []


Underfull \hbox (badness 10000) in paragraph at lines 54--55

 []

[1

{/var/lib/texmf/fonts/map/pdftex/updmap/pdftex.map}]
Underfull \hbox (badness 10000) in paragraph at lines 56--57

 []


Underfull \hbox (badness 10000) in paragraph at lines 58--59

 []


Underfull \hbox (badness 10000) in paragraph at lines 60--61

 []


Underfull \hbox (badness 10000) in paragraph at lines 72--74

 []


Overfull \hbox (10.69168pt too wide) in paragraph at lines 81--82
[]\OT1/cmr/m/n/12 which de-fines a Neu-mann bound-ary con-di-tion on the base o
f the do-main and $\OML/cmm/m/it/12 Q[] \OT1/cmr/m/n/12 = 40\OML/cmm/m/it/12 ; 
\OT1/cmr/m/n/12 000\OML/cmm/m/it/12 Wm[]$\OT1/cmr/m/n/12 .
 []

[2] [3] [4] <tetrahedron.png, id=28, 440.39531pt x 311.66437pt>
File: tetrahedron.png Graphic file (type png)

<use tetrahedron.png>
Package pdftex.def Info: tetrahedron.png used on input line 205.
(pdftex.def)             Requested size: 176.155pt x 124.66353pt.
 [5 <./tetrahedron.png>] [6] [7]
Missing character: There is no â in font cmr12!
Missing character: There is no € in font cmr12!
Missing character: There is no ¢ in font cmr12!
Missing character: There is no â in font cmr12!
Missing character: There is no € in font cmr12!
Missing character: There is no ¢ in font cmr12!
Missing character: There is no â in font cmr12!
Missing character: There is no € in font cmr12!
Missing character: There is no ¢ in font cmr12!
Missing character: There is no â in font cmr12!
Missing character: There is no € in font cmr12!
Missing character: There is no ¢ in font cmr12!
 [8]
Missing character: There is no â in font cmr12!
Missing character: There is no € in font cmr12!
Missing character: There is no ¢ in font cmr12!
Missing character: There is no â in font cmr12!
Missing character: There is no € in font cmr12!
Missing character: There is no ¢ in font cmr12!
 [9] [10] [11]
LaTeX Font Info:    Try loading font information for OT1+pcr on input line 485.


(/usr/share/texlive/texmf-dist/tex/latex/psnfss/ot1pcr.fd
File: ot1pcr.fd 2001/06/04 font definitions for OT1/pcr.
)
LaTeX Font Info:    Try loading font information for OML+pcr on input line 515.


(/usr/share/texlive/texmf-dist/tex/latex/psnfss/omlpcr.fd
File: omlpcr.fd 
)
LaTeX Font Info:    Font shape `OML/pcr/m/n' in size <10> not available
(Font)              Font shape `OML/cmm/m/it' tried instead on input line 515.
LaTeX Font Info:    Try loading font information for OMS+pcr on input line 515.


(/usr/share/texlive/texmf-dist/tex/latex/psnfss/omspcr.fd
File: omspcr.fd 
)
LaTeX Font Info:    Font shape `OMS/pcr/m/n' in size <10> not available
(Font)              Font shape `OMS/cmsy/m/n' tried instead on input line 515.
 [12]
LaTeX Font Info:    Try loading font information for TS1+pcr on input line 545.


(/usr/share/texlive/texmf-dist/tex/latex/psnfss/ts1pcr.fd
File: ts1pcr.fd 2001/06/04 font definitions for TS1/pcr.
)
Underfull \hbox (badness 10000) in paragraph at lines 571--576

 []


Underfull \hbox (badness 10000) in paragraph at lines 571--576

 []

[13]
Overfull \hbox (2.30807pt too wide) in paragraph at lines 590--591
[][][][][][][][][][][][][][][][][][][][][][][][][][][][][][][][] 
 []


Underfull \hbox (badness 10000) in paragraph at lines 594--597

 []

[14]
Overfull \hbox (2.30807pt too wide) in paragraph at lines 658--659
[][][][][][][][][][][][][][][][][][][][][][][][][][][][][][][][][][] 
 []


Underfull \hbox (badness 10000) in paragraph at lines 664--668

 []

[15]
Overfull \hbox (2.30807pt too wide) in paragraph at lines 694--695
[][][][][][][][][][][][][][][][][][][][][][][][] 
 []


Overfull \hbox (14.3082pt too wide) in paragraph at lines 730--731
[][][][][][][][][][][][][][][][][][][][][][][][][][][][][] 
 []


Overfull \hbox (14.3082pt too wide) in paragraph at lines 731--732
[][][][][][][][][][][][][][][][][][][][][][][][][][][][][] 
 []


Overfull \hbox (14.3082pt too wide) in paragraph at lines 732--733
[][][][][][][][][][][][][][][][][][][][][][][][][][][][][] 
 []


Overfull \hbox (14.3082pt too wide) in paragraph at lines 733--734
[][][][][][][][][][][][][][][][][][][][][][][][][][][][][] 
 []


Overfull \hbox (14.3082pt too wide) in paragraph at lines 734--735
[][][][][][][][][][][][][][][][][][][][][][][][][][][][][] 
 []


Overfull \hbox (14.3082pt too wide) in paragraph at lines 735--736
[][][][][][][][][][][][][][][][][][][][][][][][][][][][][] 
 []


Overfull \hbox (14.3082pt too wide) in paragraph at lines 736--737
[][][][][][][][][][][][][][][][][][][][][][][][][][][][][] 
 []


Overfull \hbox (14.3082pt too wide) in paragraph at lines 737--738
[][][][][][][][][][][][][][][][][][][][][][][][][][][][][] 
 []


Overfull \hbox (14.3082pt too wide) in paragraph at lines 738--739
[][][][][][][][][][][][][][][][][][][][][][][][][][][][][] 
 []

[16]
Overfull \hbox (14.3082pt too wide) in paragraph at lines 739--740
[][][][][][][][][][][][][][][][][][][][][][][][][][][][][] 
 []


Overfull \hbox (14.3082pt too wide) in paragraph at lines 740--741
[][][][][][][][][][][][][][][][][][][][][][][][][][][][][] 
 []


Overfull \hbox (14.3082pt too wide) in paragraph at lines 741--743
[][][][][][][][][][][][][][][][][][][][][][][][][][][][][] 
 []


Underfull \hbox (badness 10000) in paragraph at lines 766--769

 []

[17] [18]
Overfull \hbox (8.30814pt too wide) in paragraph at lines 843--844
[][][][][][][][][][][][][][][][][][][][][][][][][][][][][][][][] 
 []

<matlab1.png, id=77, 770.12718pt x 331.99031pt>
File: matlab1.png Graphic file (type png)
 <use matlab1.png>
Package pdftex.def Info: matlab1.png used on input line 889.
(pdftex.def)             Requested size: 462.07986pt x 199.19571pt.

Underfull \hbox (badness 10000) in paragraph at lines 886--893

 []


LaTeX Warning: `!h' float specifier changed to `!ht'.

[19]
Underfull \hbox (badness 10000) in paragraph at lines 924--933

 []


Underfull \hbox (badness 10000) in paragraph at lines 924--933

 []

[20 <./matlab1.png>] [21] <Box.png, id=91, 933.4875pt x 516.93124pt>
File: Box.png Graphic file (type png)

<use Box.png>
Package pdftex.def Info: Box.png used on input line 999.
(pdftex.def)             Requested size: 466.74261pt x 258.46498pt.
 [22]
Underfull \hbox (badness 10000) in paragraph at lines 1005--1011

 []


Underfull \hbox (badness 10000) in paragraph at lines 1005--1011

 []

[23 <./Box.png>]
Underfull \hbox (badness 10000) in paragraph at lines 1041--1050

 []


Underfull \hbox (badness 10000) in paragraph at lines 1041--1050

 []


Underfull \hbox (badness 10000) in paragraph at lines 1041--1050

 []


Overfull \hbox (26.30832pt too wide) in paragraph at lines 1064--1065
[][][][][][][][][][][][][][][][][][][][][][][][][][] 
 []

[24]
Overfull \hbox (56.30862pt too wide) in paragraph at lines 1070--1071
[][][][][][][][][][][][][][][][][][][][][][][][][][][][][][] 
 []


Underfull \hbox (badness 10000) in paragraph at lines 1080--1083

 []

[25] [26]
Overfull \hbox (56.30862pt too wide) in paragraph at lines 1212--1214
[][][][][][][][][][][][][][][][][][][][][][] 
 []


Underfull \hbox (badness 10000) in paragraph at lines 1218--1224

 []


Underfull \hbox (badness 10000) in paragraph at lines 1218--1224

 []

[27] <sink-MPI/heatSink_mpi_ts99.png, id=111, 968.61874pt x 690.58pt>
File: sink-MPI/heatSink_mpi_ts99.png Graphic file (type png)

<use sink-MPI/heatSink_mpi_ts99.png>
Package pdftex.def Info: sink-MPI/heatSink_mpi_ts99.png used on input line 1226
.
(pdftex.def)             Requested size: 290.58786pt x 207.1756pt.

Underfull \hbox (badness 10000) in paragraph at lines 1234--1237

 []

<HybridArchitecture.png, id=112, 709.2096pt x 527.0892pt>
File: HybridArchitecture.png Graphic file (type png)

<use HybridArchitecture.png>
Package pdftex.def Info: HybridArchitecture.png used on input line 1239.
(pdftex.def)             Requested size: 425.52904pt x 316.25597pt.


LaTeX Warning: `!h' float specifier changed to `!ht'.


Underfull \hbox (badness 10000) in paragraph at lines 1245--1248

 []

[28 <./sink-MPI/heatSink_mpi_ts99.png>] [29 <./HybridArchitecture.png>]
Overfull \hbox (2.30807pt too wide) in paragraph at lines 1293--1294
[][][][][][][][][][][][][][][][][][][][][][][][][][][][][][][][][][][][][] 
 []


Overfull \hbox (38.30844pt too wide) in paragraph at lines 1300--1301
[][][][][][][][][][][][][][][][][][][][][][][][][][][][][][][][][][][][][][][][
] 
 []

[30]
Underfull \hbox (badness 10000) in paragraph at lines 1348--1351

 []

<scalingBoxGrid.png, id=123, 458.46281pt x 237.88875pt>
File: scalingBoxGrid.png Graphic file (type png)

<use scalingBoxGrid.png>
Package pdftex.def Info: scalingBoxGrid.png used on input line 1356.
(pdftex.def)             Requested size: 412.61272pt x 214.09789pt.


LaTeX Warning: `!h' float specifier changed to `!ht'.


Underfull \hbox (badness 10000) in paragraph at lines 1363--1368

 []


Underfull \hbox (badness 10000) in paragraph at lines 1363--1368

 []

[31] <scaling350k_1.png, id=128, 457.71pt x 268.75406pt>
File: scaling350k_1.png Graphic file (type png)

<use scaling350k_1.png>
Package pdftex.def Info: scaling350k_1.png used on input line 1370.
(pdftex.def)             Requested size: 411.9352pt x 241.87642pt.
 <scaling350k_2.png, id=129, 542.77782pt x 390.70969pt>
File: scaling350k_2.png Graphic file (type png)

<use scaling350k_2.png>
Package pdftex.def Info: scaling350k_2.png used on input line 1377.
(pdftex.def)             Requested size: 434.22284pt x 312.56816pt.


LaTeX Warning: `!h' float specifier changed to `!ht'.


Underfull \hbox (badness 10000) in paragraph at lines 1384--1388

 []

[32 <./scalingBoxGrid.png> <./scaling350k_1.png>]
<scaling12M_1.png, id=133, 489.32813pt x 320.69812pt>
File: scaling12M_1.png Graphic file (type png)
 <use scaling12M_1.png>
Package pdftex.def Info: scaling12M_1.png used on input line 1390.
(pdftex.def)             Requested size: 440.39124pt x 288.62563pt.


LaTeX Warning: `!h' float specifier changed to `!ht'.

<scaling12M_2.png, id=134, 537.50812pt x 324.46219pt>
File: scaling12M_2.png Graphic file (type png)
 <use scaling12M_2.png>
Package pdftex.def Info: scaling12M_2.png used on input line 1397.
(pdftex.def)             Requested size: 430.00708pt x 259.57008pt.


LaTeX Warning: `!h' float specifier changed to `!ht'.


Underfull \hbox (badness 10000) in paragraph at lines 1406--1409

 []

<scaling36M_1.png, id=135, 487.06969pt x 313.17pt>
File: scaling36M_1.png Graphic file (type png)
 <use scaling36M_1.png>
Package pdftex.def Info: scaling36M_1.png used on input line 1411.
(pdftex.def)             Requested size: 438.35866pt x 281.85037pt.


LaTeX Warning: `!h' float specifier changed to `!ht'.

<scaling36M_2.png, id=136, 553.31718pt x 331.2375pt>
File: scaling36M_2.png Graphic file (type png)
 <use scaling36M_2.png>
Package pdftex.def Info: scaling36M_2.png used on input line 1418.
(pdftex.def)             Requested size: 442.65434pt x 264.99034pt.


LaTeX Warning: `!h' float specifier changed to `!ht'.


Underfull \hbox (badness 10000) in paragraph at lines 1427--1430

 []

[33 <./scaling350k_2.png>] [34 <./scaling12M_1.png> <./scaling12M_2.png>]
[35 <./scaling36M_1.png> <./scaling36M_2.png>]
Missing character: There is no â in font cmr12!
Missing character: There is no € in font cmr12!
Missing character: There is no ™ in font cmr12!

<matlab-results/1.png, id=146, 480.29437pt x 426.84468pt>
File: matlab-results/1.png Graphic file (type png)

<use matlab-results/1.png>
Package pdftex.def Info: matlab-results/1.png used on input line 1453.
(pdftex.def)             Requested size: 240.14659pt x 213.42181pt.

<matlab-results/2.png, id=147, 478.78876pt x 422.32782pt>
File: matlab-results/2.png Graphic file (type png)

<use matlab-results/2.png>
Package pdftex.def Info: matlab-results/2.png used on input line 1458.
(pdftex.def)             Requested size: 239.39378pt x 211.16339pt.

<matlab-results/3.png, id=148, 478.03593pt x 426.09187pt>
File: matlab-results/3.png Graphic file (type png)

<use matlab-results/3.png>
Package pdftex.def Info: matlab-results/3.png used on input line 1463.
(pdftex.def)             Requested size: 239.01738pt x 213.04541pt.
 [36 <./matlab-results/1.png>]
<matlab-results/4.png, id=154, 476.53032pt x 423.08063pt>
File: matlab-results/4.png Graphic file (type png)

<use matlab-results/4.png>
Package pdftex.def Info: matlab-results/4.png used on input line 1468.
(pdftex.def)             Requested size: 238.26457pt x 211.5398pt.

<matlab-results/5.png, id=155, 479.54156pt x 421.575pt>
File: matlab-results/5.png Graphic file (type png)

<use matlab-results/5.png>
Package pdftex.def Info: matlab-results/5.png used on input line 1473.
(pdftex.def)             Requested size: 239.77019pt x 210.78697pt.
 [37 <./matlab-results/2.png> <./matlab-results/3.png>] <matlab-results/7.png, 
id=162, 508.14844pt x 435.12563pt>
File: matlab-results/7.png Graphic file (type png)

<use matlab-results/7.png>
Package pdftex.def Info: matlab-results/7.png used on input line 1478.
(pdftex.def)             Requested size: 254.0736pt x 217.56227pt.
 [38 <./matlab-results/4.png> <./matlab-results/5.png>] <box-sequential/boxSequ
ential_ts1.png, id=168, 813.0375pt x 598.235pt>
File: box-sequential/boxSequential_ts1.png Graphic file (type png)

<use box-sequential/boxSequential_ts1.png>
Package pdftex.def Info: box-sequential/boxSequential_ts1.png used on input lin
e 1487.
(pdftex.def)             Requested size: 325.20924pt x 239.28975pt.

<box-sequential/boxSequential_ts25.png, id=169, 801.99625pt x 599.23875pt>
File: box-sequential/boxSequential_ts25.png Graphic file (type png)

<use box-sequential/boxSequential_ts25.png>
Package pdftex.def Info: box-sequential/boxSequential_ts25.png used on input li
ne 1492.
(pdftex.def)             Requested size: 320.79282pt x 239.69125pt.

<box-sequential/boxSequential_ts50.png, id=170, 790.955pt x 590.205pt>
File: box-sequential/boxSequential_ts50.png Graphic file (type png)

<use box-sequential/boxSequential_ts50.png>
Package pdftex.def Info: box-sequential/boxSequential_ts50.png used on input li
ne 1497.
(pdftex.def)             Requested size: 316.3764pt x 236.0778pt.
 [39 <./matlab-results/7.png> <./box-sequential/boxSequential_ts1.png>]
<box-sequential/boxSequential_ts75.png, id=175, 791.95876pt x 595.22375pt>
File: box-sequential/boxSequential_ts75.png Graphic file (type png)

<use box-sequential/boxSequential_ts75.png>
Package pdftex.def Info: box-sequential/boxSequential_ts75.png used on input li
ne 1502.
(pdftex.def)             Requested size: 316.7779pt x 238.08528pt.

<box-sequential/boxSequential_ts100.png, id=176, 783.92876pt x 593.21625pt>
File: box-sequential/boxSequential_ts100.png Graphic file (type png)

<use box-sequential/boxSequential_ts100.png>
Package pdftex.def Info: box-sequential/boxSequential_ts100.png used on input l
ine 1507.
(pdftex.def)             Requested size: 313.56595pt x 237.28229pt.
 [40 <./box-sequential/boxSequential_ts25.png> <./box-sequential/boxSequential_
ts50.png>]
<box-sequential/box3dview.png, id=180, 883.3pt x 733.74126pt>
File: box-sequential/box3dview.png Graphic file (type png)

<use box-sequential/box3dview.png>
Package pdftex.def Info: box-sequential/box3dview.png used on input line 1512.
(pdftex.def)             Requested size: 264.99205pt x 220.12407pt.
 [41 <./box-sequential/boxSequential_ts75.png> <./box-sequential/boxSequential_
ts100.png>]
<sink-MPI/heatSink_mpi_ts1.png, id=184, 1042.89626pt x 655.44875pt>
File: sink-MPI/heatSink_mpi_ts1.png Graphic file (type png)

<use sink-MPI/heatSink_mpi_ts1.png>
Package pdftex.def Info: sink-MPI/heatSink_mpi_ts1.png used on input line 1520.

(pdftex.def)             Requested size: 312.87129pt x 196.63614pt.

<sink-MPI/heatSink_mpi_ts25.png, id=185, 975.645pt x 649.42625pt>
File: sink-MPI/heatSink_mpi_ts25.png Graphic file (type png)

<use sink-MPI/heatSink_mpi_ts25.png>
Package pdftex.def Info: sink-MPI/heatSink_mpi_ts25.png used on input line 1525
.
(pdftex.def)             Requested size: 292.69576pt x 194.82938pt.

<sink-MPI/heatSink_mpi_ts50.png, id=186, 980.66376pt x 654.445pt>
File: sink-MPI/heatSink_mpi_ts50.png Graphic file (type png)

<use sink-MPI/heatSink_mpi_ts50.png>
Package pdftex.def Info: sink-MPI/heatSink_mpi_ts50.png used on input line 1530
.
(pdftex.def)             Requested size: 294.2014pt x 196.335pt.
 [42 <./box-sequential/box3dview.png> <./sink-MPI/heatSink_mpi_ts1.png>]
<sink-MPI/heatSink_mpi_ts75.png, id=190, 1006.76125pt x 660.4675pt>
File: sink-MPI/heatSink_mpi_ts75.png Graphic file (type png)

<use sink-MPI/heatSink_mpi_ts75.png>
Package pdftex.def Info: sink-MPI/heatSink_mpi_ts75.png used on input line 1535
.
(pdftex.def)             Requested size: 302.0307pt x 198.14177pt.
File: sink-MPI/heatSink_mpi_ts99.png Graphic file (type png)
 <use sink-MPI/heatSink_mpi_ts99.png>
Package pdftex.def Info: sink-MPI/heatSink_mpi_ts99.png used on input line 1540
.
(pdftex.def)             Requested size: 290.58786pt x 207.1756pt.

[43 <./sink-MPI/heatSink_mpi_ts25.png> <./sink-MPI/heatSink_mpi_ts50.png>]
(./Assignment2.bbl
Missing character: There is no é in font cmr12!

Underfull \hbox (badness 3407) in paragraph at lines 14--17
[]\OT1/cmr/m/n/12 P. Wautelet P.Fr. Lavalle, \OT1/cmr/m/it/12 Hy-brid mpi-openm
p pro-gram-ming\OT1/cmr/m/n/12 , 2013, avail-able at
 []

) [44 <./sink-MPI/heatSink_mpi_ts75.png>] (./Assignment2.aux) ) 
Here is how much of TeX's memory you used:
 5950 strings out of 494985
 82208 string characters out of 6180355
 204256 words of memory out of 5000000
 9041 multiletter control sequences out of 15000+600000
 14428 words of font info for 52 fonts, out of 8000000 for 9000
 36 hyphenation exceptions out of 8191
 38i,14n,58p,1035b,1560s stack positions out of 5000i,500n,10000p,200000b,80000s
 </home/achaves/
.texmf-var/fonts/pk/ljfour/jknappen/ec/tcrm1200.600pk>{/usr/share/texlive/texmf
-dist/fonts/enc/dvips/base/8r.enc}</usr/share/texlive/texmf-dist/fonts/type1/pu
blic/amsfonts/cm/cmbx10.pfb></usr/share/texlive/texmf-dist/fonts/type1/public/a
msfonts/cm/cmbx12.pfb></usr/share/texlive/texmf-dist/fonts/type1/public/amsfont
s/cm/cmbx8.pfb></usr/share/texlive/texmf-dist/fonts/type1/public/amsfonts/cm/cm
ex10.pfb></usr/share/texlive/texmf-dist/fonts/type1/public/amsfonts/cm/cmmi10.p
fb></usr/share/texlive/texmf-dist/fonts/type1/public/amsfonts/cm/cmmi12.pfb></u
sr/share/texlive/texmf-dist/fonts/type1/public/amsfonts/cm/cmmi6.pfb></usr/shar
e/texlive/texmf-dist/fonts/type1/public/amsfonts/cm/cmmi8.pfb></usr/share/texli
ve/texmf-dist/fonts/type1/public/amsfonts/cm/cmr10.pfb></usr/share/texlive/texm
f-dist/fonts/type1/public/amsfonts/cm/cmr12.pfb></usr/share/texlive/texmf-dist/
fonts/type1/public/amsfonts/cm/cmr17.pfb></usr/share/texlive/texmf-dist/fonts/t
ype1/public/amsfonts/cm/cmr8.pfb></usr/share/texlive/texmf-dist/fonts/type1/pub
lic/amsfonts/cm/cmsl12.pfb></usr/share/texlive/texmf-dist/fonts/type1/public/am
sfonts/cm/cmsy10.pfb></usr/share/texlive/texmf-dist/fonts/type1/public/amsfonts
/cm/cmsy8.pfb></usr/share/texlive/texmf-dist/fonts/type1/public/amsfonts/cm/cmt
i12.pfb></usr/share/texlive/texmf-dist/fonts/type1/public/amsfonts/cm/cmtt12.pf
b></usr/share/texlive/texmf-dist/fonts/type1/urw/courier/ucrr8a.pfb>
Output written on Assignment2.pdf (44 pages, 1402425 bytes).
PDF statistics:
 263 PDF objects out of 1000 (max. 8388607)
 160 compressed objects within 2 object streams
 0 named destinations out of 1000 (max. 500000)
 141 words of extra memory for PDF output out of 10000 (max. 10000000)

